2010-05-04 18:01:40,487 [main] ERROR StackTrace  - Sanitizing stacktrace:
groovy.lang.MissingPropertyException: No such property: transaction1 for class: grails.util.Environment$EnvironmentBlockEvaluator
	at org.codehaus.groovy.runtime.ScriptBytecodeAdapter.unwrap(ScriptBytecodeAdapter.java:49)
	at org.codehaus.groovy.runtime.callsite.PogoGetPropertySite.getProperty(PogoGetPropertySite.java:49)
	at org.codehaus.groovy.runtime.callsite.AbstractCallSite.callGroovyObjectGetProperty(AbstractCallSite.java:241)
	at BootStrap$_closure1.doCall(BootStrap.groovy:137)
	at sun.reflect.NativeMethodAccessorImpl.invoke0(Native Method)
	at sun.reflect.NativeMethodAccessorImpl.invoke(NativeMethodAccessorImpl.java:39)
	at sun.reflect.DelegatingMethodAccessorImpl.invoke(DelegatingMethodAccessorImpl.java:25)
	at java.lang.reflect.Method.invoke(Method.java:597)
	at org.codehaus.groovy.reflection.CachedMethod.invoke(CachedMethod.java:86)
	at groovy.lang.MetaMethod.doMethodInvoke(MetaMethod.java:234)
	at groovy.lang.MetaClassImpl.invokeMethod(MetaClassImpl.java:1049)
	at groovy.lang.ExpandoMetaClass.invokeMethod(ExpandoMetaClass.java:923)
	at groovy.lang.MetaClassImpl.invokeMethod(MetaClassImpl.java:880)
	at groovy.lang.MetaClassImpl.invokeMethod(MetaClassImpl.java:924)
	at groovy.lang.ExpandoMetaClass.invokeMethod(ExpandoMetaClass.java:923)
	at groovy.lang.MetaClassImpl.invokeMethod(MetaClassImpl.java:880)
	at groovy.lang.Closure.call(Closure.java:279)
	at groovy.lang.Closure.call(Closure.java:274)
	at grails.util.Environment.evaluateEnvironmentSpecificBlock(Environment.java:234)
	at grails.util.Environment.executeForEnvironment(Environment.java:223)
	at grails.util.Environment.executeForCurrentEnvironment(Environment.java:201)
	at org.codehaus.groovy.grails.commons.DefaultGrailsBootstrapClass.callInit(DefaultGrailsBootstrapClass.java:46)
	at org.codehaus.groovy.grails.web.context.GrailsConfigUtils.executeGrailsBootstraps(GrailsConfigUtils.java:64)
	at org.codehaus.groovy.grails.web.context.GrailsConfigUtils$executeGrailsBootstraps.call(Unknown Source)
	at org.codehaus.groovy.runtime.callsite.CallSiteArray.defaultCall(CallSiteArray.java:40)
	at org.codehaus.groovy.runtime.callsite.AbstractCallSite.call(AbstractCallSite.java:117)
	at org.codehaus.groovy.runtime.callsite.AbstractCallSite.call(AbstractCallSite.java:133)
	at _GrailsTest_groovy$_run_closure9.doCall(_GrailsTest_groovy:322)
	at sun.reflect.NativeMethodAccessorImpl.invoke0(Native Method)
	at sun.reflect.NativeMethodAccessorImpl.invoke(NativeMethodAccessorImpl.java:39)
	at sun.reflect.DelegatingMethodAccessorImpl.invoke(DelegatingMethodAccessorImpl.java:25)
	at java.lang.reflect.Method.invoke(Method.java:597)
	at org.codehaus.groovy.runtime.callsite.PogoMetaMethodSite$PogoCachedMethodSite.invoke(PogoMetaMethodSite.java:225)
	at org.codehaus.groovy.runtime.callsite.PogoMetaMethodSite.callCurrent(PogoMetaMethodSite.java:51)
	at org.codehaus.groovy.runtime.callsite.CallSiteArray.defaultCallCurrent(CallSiteArray.java:44)
	at org.codehaus.groovy.runtime.callsite.AbstractCallSite.callCurrent(AbstractCallSite.java:143)
	at org.codehaus.groovy.runtime.callsite.AbstractCallSite.callCurrent(AbstractCallSite.java:151)
	at _GrailsTest_groovy$_run_closure9.doCall(_GrailsTest_groovy)
	at sun.reflect.NativeMethodAccessorImpl.invoke0(Native Method)
	at sun.reflect.NativeMethodAccessorImpl.invoke(NativeMethodAccessorImpl.java:39)
	at sun.reflect.DelegatingMethodAccessorImpl.invoke(DelegatingMethodAccessorImpl.java:25)
	at java.lang.reflect.Method.invoke(Method.java:597)
	at org.codehaus.groovy.reflection.CachedMethod.invoke(CachedMethod.java:86)
	at groovy.lang.MetaMethod.doMethodInvoke(MetaMethod.java:234)
	at groovy.lang.MetaClassImpl.invokeMethod(MetaClassImpl.java:1049)
	at groovy.lang.ExpandoMetaClass.invokeMethod(ExpandoMetaClass.java:923)
	at groovy.lang.MetaClassImpl.invokeMethod(MetaClassImpl.java:880)
	at groovy.lang.Closure.call(Closure.java:279)
	at groovy.lang.Closure.call(Closure.java:274)
	at sun.reflect.NativeMethodAccessorImpl.invoke0(Native Method)
	at sun.reflect.NativeMethodAccessorImpl.invoke(NativeMethodAccessorImpl.java:39)
	at sun.reflect.DelegatingMethodAccessorImpl.invoke(DelegatingMethodAccessorImpl.java:25)
	at java.lang.reflect.Method.invoke(Method.java:597)
	at org.codehaus.groovy.reflection.CachedMethod.invoke(CachedMethod.java:86)
	at groovy.lang.MetaMethod.doMethodInvoke(MetaMethod.java:234)
	at groovy.lang.MetaClassImpl.invokeMethod(MetaClassImpl.java:1049)
	at groovy.lang.ExpandoMetaClass.invokeMethod(ExpandoMetaClass.java:923)
	at groovy.lang.MetaClassImpl.invokeMethod(MetaClassImpl.java:880)
	at groovy.lang.MetaClassImpl.invokePropertyOrMissing(MetaClassImpl.java:1095)
	at groovy.lang.MetaClassImpl.invokeMethod(MetaClassImpl.java:1051)
	at groovy.lang.ExpandoMetaClass.invokeMethod(ExpandoMetaClass.java:923)
	at groovy.lang.MetaClassImpl.invokeMethod(MetaClassImpl.java:880)
	at groovy.lang.MetaClassImpl.invokeMethod(MetaClassImpl.java:706)
	at groovy.lang.GroovyObjectSupport.invokeMethod(GroovyObjectSupport.java:44)
	at groovy.lang.Script.invokeMethod(Script.java:78)
	at groovy.lang.MetaClassImpl.invokeMethodOnGroovyObject(MetaClassImpl.java:1114)
	at groovy.lang.MetaClassImpl.invokeMethod(MetaClassImpl.java:1011)
	at groovy.lang.ExpandoMetaClass.invokeMethod(ExpandoMetaClass.java:923)
	at groovy.lang.MetaClassImpl.invokeMethod(MetaClassImpl.java:880)
	at groovy.lang.DelegatingMetaClass.invokeMethod(DelegatingMetaClass.java:149)
	at org.codehaus.gant.GantMetaClass.invokeMethod(GantMetaClass.java:127)
	at org.codehaus.gant.GantMetaClass.invokeMethod(GantMetaClass.java:162)
	at groovy.lang.GroovyObjectSupport.invokeMethod(GroovyObjectSupport.java:44)
	at groovy.lang.MetaClassImpl.invokeMethodOnGroovyObject(MetaClassImpl.java:1114)
	at groovy.lang.MetaClassImpl.invokeMethod(MetaClassImpl.java:1011)
	at groovy.lang.ExpandoMetaClass.invokeMethod(ExpandoMetaClass.java:923)
	at org.codehaus.groovy.runtime.ScriptBytecodeAdapter.invokeMethodOnCurrentN(ScriptBytecodeAdapter.java:77)
	at org.codehaus.groovy.runtime.ScriptBytecodeAdapter.invokeMethodOnCurrent0(ScriptBytecodeAdapter.java:108)
	at _GrailsTest_groovy$_run_closure1_closure21.doCall(_GrailsTest_groovy:193)
	at sun.reflect.NativeMethodAccessorImpl.invoke0(Native Method)
	at sun.reflect.NativeMethodAccessorImpl.invoke(NativeMethodAccessorImpl.java:39)
	at sun.reflect.DelegatingMethodAccessorImpl.invoke(DelegatingMethodAccessorImpl.java:25)
	at java.lang.reflect.Method.invoke(Method.java:597)
	at org.codehaus.groovy.reflection.CachedMethod.invoke(CachedMethod.java:86)
	at groovy.lang.MetaMethod.doMethodInvoke(MetaMethod.java:234)
	at groovy.lang.MetaClassImpl.invokeMethod(MetaClassImpl.java:1049)
	at groovy.lang.ExpandoMetaClass.invokeMethod(ExpandoMetaClass.java:923)
	at groovy.lang.MetaClassImpl.invokeMethod(MetaClassImpl.java:880)
	at groovy.lang.Closure.call(Closure.java:279)
	at org.codehaus.groovy.runtime.DefaultGroovyMethods.callClosureForMapEntry(DefaultGroovyMethods.java:2030)
	at org.codehaus.groovy.runtime.DefaultGroovyMethods.each(DefaultGroovyMethods.java:1184)
	at org.codehaus.groovy.runtime.dgm$97.invoke(Unknown Source)
	at org.codehaus.groovy.runtime.callsite.PojoMetaMethodSite$PojoMetaMethodSiteNoUnwrapNoCoerce.invoke(PojoMetaMethodSite.java:270)
	at org.codehaus.groovy.runtime.callsite.PojoMetaMethodSite.call(PojoMetaMethodSite.java:52)
	at org.codehaus.groovy.runtime.callsite.CallSiteArray.defaultCall(CallSiteArray.java:40)
	at org.codehaus.groovy.runtime.callsite.AbstractCallSite.call(AbstractCallSite.java:117)
	at org.codehaus.groovy.runtime.callsite.AbstractCallSite.call(AbstractCallSite.java:125)
	at _GrailsTest_groovy$_run_closure1.doCall(_GrailsTest_groovy:171)
	at sun.reflect.NativeMethodAccessorImpl.invoke0(Native Method)
	at sun.reflect.NativeMethodAccessorImpl.invoke(NativeMethodAccessorImpl.java:39)
	at sun.reflect.DelegatingMethodAccessorImpl.invoke(DelegatingMethodAccessorImpl.java:25)
	at java.lang.reflect.Method.invoke(Method.java:597)
	at org.codehaus.groovy.reflection.CachedMethod.invoke(CachedMethod.java:86)
	at groovy.lang.MetaMethod.doMethodInvoke(MetaMethod.java:234)
	at groovy.lang.MetaClassImpl.invokeMethod(MetaClassImpl.java:1049)
	at groovy.lang.ExpandoMetaClass.invokeMethod(ExpandoMetaClass.java:923)
	at groovy.lang.MetaClassImpl.invokeMethod(MetaClassImpl.java:880)
	at groovy.lang.DelegatingMetaClass.invokeMethod(DelegatingMetaClass.java:149)
	at org.codehaus.gant.GantMetaClass.invokeMethod(GantMetaClass.java:127)
	at groovy.lang.Closure.call(Closure.java:279)
	at groovy.lang.Closure.call(Closure.java:292)
	at sun.reflect.NativeMethodAccessorImpl.invoke0(Native Method)
	at sun.reflect.NativeMethodAccessorImpl.invoke(NativeMethodAccessorImpl.java:39)
	at sun.reflect.DelegatingMethodAccessorImpl.invoke(DelegatingMethodAccessorImpl.java:25)
	at java.lang.reflect.Method.invoke(Method.java:597)
	at org.codehaus.groovy.reflection.CachedMethod.invoke(CachedMethod.java:86)
	at groovy.lang.MetaMethod.doMethodInvoke(MetaMethod.java:234)
	at groovy.lang.MetaClassImpl.invokeMethod(MetaClassImpl.java:1049)
	at groovy.lang.ExpandoMetaClass.invokeMethod(ExpandoMetaClass.java:923)
	at groovy.lang.MetaClassImpl.invokeMethod(MetaClassImpl.java:880)
	at groovy.lang.DelegatingMetaClass.invokeMethod(DelegatingMetaClass.java:149)
	at org.codehaus.gant.GantMetaClass.invokeMethod(GantMetaClass.java:127)
	at org.codehaus.groovy.runtime.callsite.PogoMetaClassSite.call(PogoMetaClassSite.java:39)
	at org.codehaus.groovy.runtime.callsite.CallSiteArray.defaultCall(CallSiteArray.java:40)
	at org.codehaus.groovy.runtime.callsite.PogoMetaClassSite.call(PogoMetaClassSite.java:54)
	at org.codehaus.groovy.runtime.callsite.AbstractCallSite.call(AbstractCallSite.java:125)
	at org.codehaus.gant.GantBinding$_initializeGantBinding_closure4_closure8_closure9.doCall(GantBinding.groovy:152)
	at sun.reflect.NativeMethodAccessorImpl.invoke0(Native Method)
	at sun.reflect.NativeMethodAccessorImpl.invoke(NativeMethodAccessorImpl.java:39)
	at sun.reflect.DelegatingMethodAccessorImpl.invoke(DelegatingMethodAccessorImpl.java:25)
	at java.lang.reflect.Method.invoke(Method.java:597)
	at org.codehaus.groovy.runtime.callsite.PogoMetaMethodSite$PogoCachedMethodSiteNoUnwrapNoCoerce.invoke(PogoMetaMethodSite.java:266)
	at org.codehaus.groovy.runtime.callsite.PogoMetaMethodSite.callCurrent(PogoMetaMethodSite.java:51)
	at org.codehaus.groovy.runtime.callsite.AbstractCallSite.callCurrent(AbstractCallSite.java:151)
	at org.codehaus.gant.GantBinding$_initializeGantBinding_closure4_closure8_closure9.doCall(GantBinding.groovy)
	at sun.reflect.NativeMethodAccessorImpl.invoke0(Native Method)
	at sun.reflect.NativeMethodAccessorImpl.invoke(NativeMethodAccessorImpl.java:39)
	at sun.reflect.DelegatingMethodAccessorImpl.invoke(DelegatingMethodAccessorImpl.java:25)
	at java.lang.reflect.Method.invoke(Method.java:597)
	at org.codehaus.groovy.reflection.CachedMethod.invoke(CachedMethod.java:86)
	at groovy.lang.MetaMethod.doMethodInvoke(MetaMethod.java:234)
	at groovy.lang.MetaClassImpl.invokeMethod(MetaClassImpl.java:1049)
	at groovy.lang.ExpandoMetaClass.invokeMethod(ExpandoMetaClass.java:923)
	at groovy.lang.MetaClassImpl.invokeMethod(MetaClassImpl.java:880)
	at groovy.lang.Closure.call(Closure.java:279)
	at groovy.lang.Closure.call(Closure.java:274)
	at groovy.lang.Closure$call.call(Unknown Source)
	at org.codehaus.gant.GantBinding.withTargetEvent(GantBinding.groovy:90)
	at org.codehaus.gant.GantBinding.this$4$withTargetEvent(GantBinding.groovy)
	at sun.reflect.NativeMethodAccessorImpl.invoke0(Native Method)
	at sun.reflect.NativeMethodAccessorImpl.invoke(NativeMethodAccessorImpl.java:39)
	at sun.reflect.DelegatingMethodAccessorImpl.invoke(DelegatingMethodAccessorImpl.java:25)
	at java.lang.reflect.Method.invoke(Method.java:597)
	at org.codehaus.groovy.reflection.CachedMethod.invoke(CachedMethod.java:86)
	at groovy.lang.MetaMethod.doMethodInvoke(MetaMethod.java:234)
	at groovy.lang.MetaClassImpl.invokeMethod(MetaClassImpl.java:1049)
	at groovy.lang.ExpandoMetaClass.invokeMethod(ExpandoMetaClass.java:923)
	at groovy.lang.MetaClassImpl.invokeMethod(MetaClassImpl.java:880)
	at groovy.lang.MetaClassImpl.invokeMethod(MetaClassImpl.java:997)
	at groovy.lang.ExpandoMetaClass.invokeMethod(ExpandoMetaClass.java:923)
	at groovy.lang.MetaClassImpl.invokeMethod(MetaClassImpl.java:880)
	at groovy.lang.MetaClassImpl.invokeMethod(MetaClassImpl.java:706)
	at groovy.lang.GroovyObjectSupport.invokeMethod(GroovyObjectSupport.java:44)
	at groovy.lang.MetaClassImpl.invokeMethodOnGroovyObject(MetaClassImpl.java:1114)
	at groovy.lang.MetaClassImpl.invokeMethod(MetaClassImpl.java:1011)
	at groovy.lang.ExpandoMetaClass.invokeMethod(ExpandoMetaClass.java:923)
	at groovy.lang.MetaClassImpl.invokeMethod(MetaClassImpl.java:880)
	at org.codehaus.groovy.runtime.callsite.PogoMetaClassSite.callCurrent(PogoMetaClassSite.java:66)
	at org.codehaus.groovy.runtime.callsite.AbstractCallSite.callCurrent(AbstractCallSite.java:159)
	at org.codehaus.gant.GantBinding$_initializeGantBinding_closure4_closure8.doCall(GantBinding.groovy:152)
	at sun.reflect.NativeMethodAccessorImpl.invoke0(Native Method)
	at sun.reflect.NativeMethodAccessorImpl.invoke(NativeMethodAccessorImpl.java:39)
	at sun.reflect.DelegatingMethodAccessorImpl.invoke(DelegatingMethodAccessorImpl.java:25)
	at java.lang.reflect.Method.invoke(Method.java:597)
	at org.codehaus.groovy.runtime.callsite.PogoMetaMethodSite$PogoCachedMethodSiteNoUnwrapNoCoerce.invoke(PogoMetaMethodSite.java:266)
	at org.codehaus.groovy.runtime.callsite.PogoMetaMethodSite.callCurrent(PogoMetaMethodSite.java:51)
	at org.codehaus.groovy.runtime.callsite.AbstractCallSite.callCurrent(AbstractCallSite.java:151)
	at org.codehaus.gant.GantBinding$_initializeGantBinding_closure4_closure8.doCall(GantBinding.groovy)
	at sun.reflect.NativeMethodAccessorImpl.invoke0(Native Method)
	at sun.reflect.NativeMethodAccessorImpl.invoke(NativeMethodAccessorImpl.java:39)
	at sun.reflect.DelegatingMethodAccessorImpl.invoke(DelegatingMethodAccessorImpl.java:25)
	at java.lang.reflect.Method.invoke(Method.java:597)
	at org.codehaus.groovy.reflection.CachedMethod.invoke(CachedMethod.java:86)
	at groovy.lang.MetaMethod.doMethodInvoke(MetaMethod.java:234)
	at groovy.lang.MetaClassImpl.invokeMethod(MetaClassImpl.java:1049)
	at groovy.lang.ExpandoMetaClass.invokeMethod(ExpandoMetaClass.java:923)
	at groovy.lang.MetaClassImpl.invokeMethod(MetaClassImpl.java:880)
	at groovy.lang.Closure.call(Closure.java:279)
	at groovy.lang.Closure.call(Closure.java:274)
	at sun.reflect.NativeMethodAccessorImpl.invoke0(Native Method)
	at sun.reflect.NativeMethodAccessorImpl.invoke(NativeMethodAccessorImpl.java:39)
	at sun.reflect.DelegatingMethodAccessorImpl.invoke(DelegatingMethodAccessorImpl.java:25)
	at java.lang.reflect.Method.invoke(Method.java:597)
	at org.codehaus.groovy.reflection.CachedMethod.invoke(CachedMethod.java:86)
	at groovy.lang.MetaMethod.doMethodInvoke(MetaMethod.java:234)
	at groovy.lang.MetaClassImpl.invokeMethod(MetaClassImpl.java:1049)
	at groovy.lang.ExpandoMetaClass.invokeMethod(ExpandoMetaClass.java:923)
	at groovy.lang.MetaClassImpl.invokeMethod(MetaClassImpl.java:880)
	at groovy.lang.MetaClassImpl.invokePropertyOrMissing(MetaClassImpl.java:1095)
	at groovy.lang.MetaClassImpl.invokeMethod(MetaClassImpl.java:1051)
	at groovy.lang.ExpandoMetaClass.invokeMethod(ExpandoMetaClass.java:923)
	at groovy.lang.MetaClassImpl.invokeMethod(MetaClassImpl.java:880)
	at groovy.lang.MetaClassImpl.invokeMethod(MetaClassImpl.java:706)
	at groovy.lang.GroovyObjectSupport.invokeMethod(GroovyObjectSupport.java:44)
	at groovy.lang.Script.invokeMethod(Script.java:78)
	at groovy.lang.MetaClassImpl.invokeMethodOnGroovyObject(MetaClassImpl.java:1114)
	at groovy.lang.MetaClassImpl.invokeMethod(MetaClassImpl.java:1011)
	at groovy.lang.ExpandoMetaClass.invokeMethod(ExpandoMetaClass.java:923)
	at groovy.lang.MetaClassImpl.invokeMethod(MetaClassImpl.java:880)
	at groovy.lang.DelegatingMetaClass.invokeMethod(DelegatingMetaClass.java:149)
	at org.codehaus.gant.GantMetaClass.invokeMethod(GantMetaClass.java:127)
	at org.codehaus.groovy.runtime.callsite.PogoMetaClassSite.callCurrent(PogoMetaClassSite.java:66)
	at org.codehaus.groovy.runtime.callsite.CallSiteArray.defaultCallCurrent(CallSiteArray.java:44)
	at org.codehaus.groovy.runtime.callsite.AbstractCallSite.callCurrent(AbstractCallSite.java:143)
	at org.codehaus.groovy.runtime.callsite.AbstractCallSite.callCurrent(AbstractCallSite.java:147)
	at TestApp$_run_closure1.doCall(TestApp.groovy:102)
	at sun.reflect.NativeMethodAccessorImpl.invoke0(Native Method)
	at sun.reflect.NativeMethodAccessorImpl.invoke(NativeMethodAccessorImpl.java:39)
	at sun.reflect.DelegatingMethodAccessorImpl.invoke(DelegatingMethodAccessorImpl.java:25)
	at java.lang.reflect.Method.invoke(Method.java:597)
	at org.codehaus.groovy.reflection.CachedMethod.invoke(CachedMethod.java:86)
	at groovy.lang.MetaMethod.doMethodInvoke(MetaMethod.java:234)
	at groovy.lang.MetaClassImpl.invokeMethod(MetaClassImpl.java:1049)
	at groovy.lang.ExpandoMetaClass.invokeMethod(ExpandoMetaClass.java:923)
	at groovy.lang.MetaClassImpl.invokeMethod(MetaClassImpl.java:880)
	at groovy.lang.DelegatingMetaClass.invokeMethod(DelegatingMetaClass.java:149)
	at org.codehaus.gant.GantMetaClass.invokeMethod(GantMetaClass.java:127)
	at groovy.lang.Closure.call(Closure.java:279)
	at groovy.lang.Closure.call(Closure.java:292)
	at sun.reflect.NativeMethodAccessorImpl.invoke0(Native Method)
	at sun.reflect.NativeMethodAccessorImpl.invoke(NativeMethodAccessorImpl.java:39)
	at sun.reflect.DelegatingMethodAccessorImpl.invoke(DelegatingMethodAccessorImpl.java:25)
	at java.lang.reflect.Method.invoke(Method.java:597)
	at org.codehaus.groovy.reflection.CachedMethod.invoke(CachedMethod.java:86)
	at groovy.lang.MetaMethod.doMethodInvoke(MetaMethod.java:234)
	at groovy.lang.MetaClassImpl.invokeMethod(MetaClassImpl.java:1049)
	at groovy.lang.ExpandoMetaClass.invokeMethod(ExpandoMetaClass.java:923)
	at groovy.lang.MetaClassImpl.invokeMethod(MetaClassImpl.java:880)
	at groovy.lang.DelegatingMetaClass.invokeMethod(DelegatingMetaClass.java:149)
	at org.codehaus.gant.GantMetaClass.invokeMethod(GantMetaClass.java:127)
	at org.codehaus.groovy.runtime.callsite.PogoMetaClassSite.call(PogoMetaClassSite.java:39)
	at org.codehaus.groovy.runtime.callsite.CallSiteArray.defaultCall(CallSiteArray.java:40)
	at org.codehaus.groovy.runtime.callsite.PogoMetaClassSite.call(PogoMetaClassSite.java:54)
	at org.codehaus.groovy.runtime.callsite.AbstractCallSite.call(AbstractCallSite.java:125)
	at org.codehaus.gant.GantBinding$_initializeGantBinding_closure4_closure8_closure9.doCall(GantBinding.groovy:152)
	at sun.reflect.NativeMethodAccessorImpl.invoke0(Native Method)
	at sun.reflect.NativeMethodAccessorImpl.invoke(NativeMethodAccessorImpl.java:39)
	at sun.reflect.DelegatingMethodAccessorImpl.invoke(DelegatingMethodAccessorImpl.java:25)
	at java.lang.reflect.Method.invoke(Method.java:597)
	at org.codehaus.groovy.runtime.callsite.PogoMetaMethodSite$PogoCachedMethodSiteNoUnwrapNoCoerce.invoke(PogoMetaMethodSite.java:266)
	at org.codehaus.groovy.runtime.callsite.PogoMetaMethodSite.callCurrent(PogoMetaMethodSite.java:51)
	at org.codehaus.groovy.runtime.callsite.AbstractCallSite.callCurrent(AbstractCallSite.java:151)
	at org.codehaus.gant.GantBinding$_initializeGantBinding_closure4_closure8_closure9.doCall(GantBinding.groovy)
	at sun.reflect.NativeMethodAccessorImpl.invoke0(Native Method)
	at sun.reflect.NativeMethodAccessorImpl.invoke(NativeMethodAccessorImpl.java:39)
	at sun.reflect.DelegatingMethodAccessorImpl.invoke(DelegatingMethodAccessorImpl.java:25)
	at java.lang.reflect.Method.invoke(Method.java:597)
	at org.codehaus.groovy.reflection.CachedMethod.invoke(CachedMethod.java:86)
	at groovy.lang.MetaMethod.doMethodInvoke(MetaMethod.java:234)
	at groovy.lang.MetaClassImpl.invokeMethod(MetaClassImpl.java:1049)
	at groovy.lang.ExpandoMetaClass.invokeMethod(ExpandoMetaClass.java:923)
	at groovy.lang.MetaClassImpl.invokeMethod(MetaClassImpl.java:880)
	at groovy.lang.Closure.call(Closure.java:279)
	at groovy.lang.Closure.call(Closure.java:274)
	at groovy.lang.Closure$call.call(Unknown Source)
	at org.codehaus.gant.GantBinding.withTargetEvent(GantBinding.groovy:90)
	at org.codehaus.gant.GantBinding.this$4$withTargetEvent(GantBinding.groovy)
	at sun.reflect.NativeMethodAccessorImpl.invoke0(Native Method)
	at sun.reflect.NativeMethodAccessorImpl.invoke(NativeMethodAccessorImpl.java:39)
	at sun.reflect.DelegatingMethodAccessorImpl.invoke(DelegatingMethodAccessorImpl.java:25)
	at java.lang.reflect.Method.invoke(Method.java:597)
	at org.codehaus.groovy.reflection.CachedMethod.invoke(CachedMethod.java:86)
	at groovy.lang.MetaMethod.doMethodInvoke(MetaMethod.java:234)
	at groovy.lang.MetaClassImpl.invokeMethod(MetaClassImpl.java:1049)
	at groovy.lang.ExpandoMetaClass.invokeMethod(ExpandoMetaClass.java:923)
	at groovy.lang.MetaClassImpl.invokeMethod(MetaClassImpl.java:880)
	at groovy.lang.MetaClassImpl.invokeMethod(MetaClassImpl.java:997)
	at groovy.lang.ExpandoMetaClass.invokeMethod(ExpandoMetaClass.java:923)
	at groovy.lang.MetaClassImpl.invokeMethod(MetaClassImpl.java:880)
	at groovy.lang.MetaClassImpl.invokeMethod(MetaClassImpl.java:706)
	at groovy.lang.GroovyObjectSupport.invokeMethod(GroovyObjectSupport.java:44)
	at groovy.lang.MetaClassImpl.invokeMethodOnGroovyObject(MetaClassImpl.java:1114)
	at groovy.lang.MetaClassImpl.invokeMethod(MetaClassImpl.java:1011)
	at groovy.lang.ExpandoMetaClass.invokeMethod(ExpandoMetaClass.java:923)
	at groovy.lang.MetaClassImpl.invokeMethod(MetaClassImpl.java:880)
	at org.codehaus.groovy.runtime.callsite.PogoMetaClassSite.callCurrent(PogoMetaClassSite.java:66)
	at org.codehaus.groovy.runtime.callsite.AbstractCallSite.callCurrent(AbstractCallSite.java:159)
	at org.codehaus.gant.GantBinding$_initializeGantBinding_closure4_closure8.doCall(GantBinding.groovy:152)
	at sun.reflect.NativeMethodAccessorImpl.invoke0(Native Method)
	at sun.reflect.NativeMethodAccessorImpl.invoke(NativeMethodAccessorImpl.java:39)
	at sun.reflect.DelegatingMethodAccessorImpl.invoke(DelegatingMethodAccessorImpl.java:25)
	at java.lang.reflect.Method.invoke(Method.java:597)
	at org.codehaus.groovy.runtime.callsite.PogoMetaMethodSite$PogoCachedMethodSiteNoUnwrapNoCoerce.invoke(PogoMetaMethodSite.java:266)
	at org.codehaus.groovy.runtime.callsite.PogoMetaMethodSite.callCurrent(PogoMetaMethodSite.java:51)
	at org.codehaus.groovy.runtime.callsite.AbstractCallSite.callCurrent(AbstractCallSite.java:151)
	at org.codehaus.gant.GantBinding$_initializeGantBinding_closure4_closure8.doCall(GantBinding.groovy)
	at sun.reflect.NativeMethodAccessorImpl.invoke0(Native Method)
	at sun.reflect.NativeMethodAccessorImpl.invoke(NativeMethodAccessorImpl.java:39)
	at sun.reflect.DelegatingMethodAccessorImpl.invoke(DelegatingMethodAccessorImpl.java:25)
	at java.lang.reflect.Method.invoke(Method.java:597)
	at org.codehaus.groovy.reflection.CachedMethod.invoke(CachedMethod.java:86)
	at groovy.lang.MetaMethod.doMethodInvoke(MetaMethod.java:234)
	at groovy.lang.MetaClassImpl.invokeMethod(MetaClassImpl.java:1049)
	at groovy.lang.ExpandoMetaClass.invokeMethod(ExpandoMetaClass.java:923)
	at groovy.lang.MetaClassImpl.invokeMethod(MetaClassImpl.java:880)
	at groovy.lang.Closure.call(Closure.java:279)
	at groovy.lang.Closure.call(Closure.java:274)
	at groovy.lang.Closure$call.call(Unknown Source)
	at org.codehaus.groovy.runtime.callsite.CallSiteArray.defaultCall(CallSiteArray.java:40)
	at org.codehaus.groovy.runtime.callsite.AbstractCallSite.call(AbstractCallSite.java:117)
	at org.codehaus.groovy.runtime.callsite.AbstractCallSite.call(AbstractCallSite.java:121)
	at gant.Gant$_dispatch_closure4.doCall(Gant.groovy:324)
	at sun.reflect.NativeMethodAccessorImpl.invoke0(Native Method)
	at sun.reflect.NativeMethodAccessorImpl.invoke(NativeMethodAccessorImpl.java:39)
	at sun.reflect.DelegatingMethodAccessorImpl.invoke(DelegatingMethodAccessorImpl.java:25)
	at java.lang.reflect.Method.invoke(Method.java:597)
	at org.codehaus.groovy.reflection.CachedMethod.invoke(CachedMethod.java:86)
	at groovy.lang.MetaMethod.doMethodInvoke(MetaMethod.java:234)
	at groovy.lang.MetaClassImpl.invokeMethod(MetaClassImpl.java:1049)
	at groovy.lang.ExpandoMetaClass.invokeMethod(ExpandoMetaClass.java:923)
	at groovy.lang.MetaClassImpl.invokeMethod(MetaClassImpl.java:880)
	at groovy.lang.Closure.call(Closure.java:279)
	at groovy.lang.Closure.call(Closure.java:292)
	at groovy.lang.Closure$call$0.call(Unknown Source)
	at org.codehaus.groovy.runtime.callsite.CallSiteArray.defaultCall(CallSiteArray.java:40)
	at org.codehaus.groovy.runtime.callsite.AbstractCallSite.call(AbstractCallSite.java:117)
	at org.codehaus.groovy.runtime.callsite.AbstractCallSite.call(AbstractCallSite.java:125)
	at gant.Gant$_dispatch_closure6.doCall(Gant.groovy:334)
	at sun.reflect.NativeMethodAccessorImpl.invoke0(Native Method)
	at sun.reflect.NativeMethodAccessorImpl.invoke(NativeMethodAccessorImpl.java:39)
	at sun.reflect.DelegatingMethodAccessorImpl.invoke(DelegatingMethodAccessorImpl.java:25)
	at java.lang.reflect.Method.invoke(Method.java:597)
	at org.codehaus.groovy.runtime.callsite.PogoMetaMethodSite$PogoCachedMethodSiteNoUnwrapNoCoerce.invoke(PogoMetaMethodSite.java:266)
	at org.codehaus.groovy.runtime.callsite.PogoMetaMethodSite.callCurrent(PogoMetaMethodSite.java:51)
	at org.codehaus.groovy.runtime.callsite.CallSiteArray.defaultCallCurrent(CallSiteArray.java:44)
	at org.codehaus.groovy.runtime.callsite.AbstractCallSite.callCurrent(AbstractCallSite.java:143)
	at org.codehaus.groovy.runtime.callsite.AbstractCallSite.callCurrent(AbstractCallSite.java:151)
	at gant.Gant$_dispatch_closure6.doCall(Gant.groovy)
	at sun.reflect.NativeMethodAccessorImpl.invoke0(Native Method)
	at sun.reflect.NativeMethodAccessorImpl.invoke(NativeMethodAccessorImpl.java:39)
	at sun.reflect.DelegatingMethodAccessorImpl.invoke(DelegatingMethodAccessorImpl.java:25)
	at java.lang.reflect.Method.invoke(Method.java:597)
	at org.codehaus.groovy.reflection.CachedMethod.invoke(CachedMethod.java:86)
	at groovy.lang.MetaMethod.doMethodInvoke(MetaMethod.java:234)
	at groovy.lang.MetaClassImpl.invokeMethod(MetaClassImpl.java:1049)
	at groovy.lang.ExpandoMetaClass.invokeMethod(ExpandoMetaClass.java:923)
	at groovy.lang.MetaClassImpl.invokeMethod(MetaClassImpl.java:880)
	at groovy.lang.Closure.call(Closure.java:279)
	at groovy.lang.Closure.call(Closure.java:274)
	at groovy.lang.Closure$call.call(Unknown Source)
	at org.codehaus.groovy.runtime.callsite.CallSiteArray.defaultCall(CallSiteArray.java:40)
	at org.codehaus.groovy.runtime.callsite.AbstractCallSite.call(AbstractCallSite.java:117)
	at org.codehaus.groovy.runtime.callsite.AbstractCallSite.call(AbstractCallSite.java:121)
	at gant.Gant.withBuildListeners(Gant.groovy:344)
	at gant.Gant.this$2$withBuildListeners(Gant.groovy)
	at gant.Gant$this$2$withBuildListeners.callCurrent(Unknown Source)
	at org.codehaus.groovy.runtime.callsite.CallSiteArray.defaultCallCurrent(CallSiteArray.java:44)
	at org.codehaus.groovy.runtime.callsite.AbstractCallSite.callCurrent(AbstractCallSite.java:143)
	at org.codehaus.groovy.runtime.callsite.AbstractCallSite.callCurrent(AbstractCallSite.java:151)
	at gant.Gant.dispatch(Gant.groovy:334)
	at gant.Gant.this$2$dispatch(Gant.groovy)
	at sun.reflect.NativeMethodAccessorImpl.invoke0(Native Method)
	at sun.reflect.NativeMethodAccessorImpl.invoke(NativeMethodAccessorImpl.java:39)
	at sun.reflect.DelegatingMethodAccessorImpl.invoke(DelegatingMethodAccessorImpl.java:25)
	at java.lang.reflect.Method.invoke(Method.java:597)
	at org.codehaus.groovy.reflection.CachedMethod.invoke(CachedMethod.java:86)
	at groovy.lang.MetaMethod.doMethodInvoke(MetaMethod.java:234)
	at groovy.lang.MetaClassImpl.invokeMethod(MetaClassImpl.java:1049)
	at groovy.lang.ExpandoMetaClass.invokeMethod(ExpandoMetaClass.java:923)
	at groovy.lang.MetaClassImpl.invokeMethod(MetaClassImpl.java:880)
	at groovy.lang.MetaClassImpl.invokeMethod(MetaClassImpl.java:708)
	at gant.Gant.invokeMethod(Gant.groovy)
	at groovy.lang.GroovyObject$invokeMethod.callCurrent(Unknown Source)
	at org.codehaus.groovy.runtime.callsite.CallSiteArray.defaultCallCurrent(CallSiteArray.java:44)
	at org.codehaus.groovy.runtime.callsite.AbstractCallSite.callCurrent(AbstractCallSite.java:143)
	at org.codehaus.groovy.runtime.callsite.AbstractCallSite.callCurrent(AbstractCallSite.java:155)
	at gant.Gant.processTargets(Gant.groovy:495)
	at sun.reflect.NativeMethodAccessorImpl.invoke0(Native Method)
	at sun.reflect.NativeMethodAccessorImpl.invoke(NativeMethodAccessorImpl.java:39)
	at sun.reflect.DelegatingMethodAccessorImpl.invoke(DelegatingMethodAccessorImpl.java:25)
	at java.lang.reflect.Method.invoke(Method.java:597)
	at org.codehaus.groovy.runtime.callsite.PogoMetaMethodSite$PogoCachedMethodSiteNoUnwrapNoCoerce.invoke(PogoMetaMethodSite.java:266)
	at org.codehaus.groovy.runtime.callsite.PogoMetaMethodSite.callCurrent(PogoMetaMethodSite.java:51)
	at org.codehaus.groovy.runtime.callsite.CallSiteArray.defaultCallCurrent(CallSiteArray.java:44)
	at org.codehaus.groovy.runtime.callsite.AbstractCallSite.callCurrent(AbstractCallSite.java:143)
	at org.codehaus.groovy.runtime.callsite.AbstractCallSite.callCurrent(AbstractCallSite.java:155)
	at gant.Gant.processTargets(Gant.groovy:480)
	at org.codehaus.groovy.grails.cli.GrailsScriptRunner.callPluginOrGrailsScript(GrailsScriptRunner.java:485)
	at org.codehaus.groovy.grails.cli.GrailsScriptRunner.executeCommand(GrailsScriptRunner.java:301)
	at org.codehaus.groovy.grails.cli.GrailsScriptRunner.main(GrailsScriptRunner.java:115)
	at sun.reflect.NativeMethodAccessorImpl.invoke0(Native Method)
	at sun.reflect.NativeMethodAccessorImpl.invoke(NativeMethodAccessorImpl.java:39)
	at sun.reflect.DelegatingMethodAccessorImpl.invoke(DelegatingMethodAccessorImpl.java:25)
	at java.lang.reflect.Method.invoke(Method.java:597)
	at org.codehaus.groovy.grails.cli.support.GrailsStarter.rootLoader(GrailsStarter.java:215)
	at org.codehaus.groovy.grails.cli.support.GrailsStarter.main(GrailsStarter.java:240)
2010-05-04 18:01:40,497 [main] ERROR StackTrace  - Sanitizing stacktrace:
gant.TargetMissingPropertyException: No such property: transaction1 for class: grails.util.Environment$EnvironmentBlockEvaluator
	at sun.reflect.NativeConstructorAccessorImpl.newInstance0(Native Method)
	at sun.reflect.NativeConstructorAccessorImpl.newInstance(NativeConstructorAccessorImpl.java:39)
	at sun.reflect.DelegatingConstructorAccessorImpl.newInstance(DelegatingConstructorAccessorImpl.java:27)
	at java.lang.reflect.Constructor.newInstance(Constructor.java:513)
	at org.codehaus.groovy.reflection.CachedConstructor.invoke(CachedConstructor.java:77)
	at org.codehaus.groovy.runtime.callsite.ConstructorSite$ConstructorSiteNoUnwrapNoCoerce.callConstructor(ConstructorSite.java:107)
	at org.codehaus.groovy.runtime.callsite.CallSiteArray.defaultCallConstructor(CallSiteArray.java:52)
	at org.codehaus.groovy.runtime.callsite.AbstractCallSite.callConstructor(AbstractCallSite.java:192)
	at org.codehaus.groovy.runtime.callsite.AbstractCallSite.callConstructor(AbstractCallSite.java:204)
	at gant.Gant$_dispatch_closure4.doCall(Gant.groovy:329)
	at sun.reflect.NativeMethodAccessorImpl.invoke0(Native Method)
	at sun.reflect.NativeMethodAccessorImpl.invoke(NativeMethodAccessorImpl.java:39)
	at sun.reflect.DelegatingMethodAccessorImpl.invoke(DelegatingMethodAccessorImpl.java:25)
	at java.lang.reflect.Method.invoke(Method.java:597)
	at org.codehaus.groovy.reflection.CachedMethod.invoke(CachedMethod.java:86)
	at groovy.lang.MetaMethod.doMethodInvoke(MetaMethod.java:234)
	at groovy.lang.MetaClassImpl.invokeMethod(MetaClassImpl.java:1049)
	at groovy.lang.ExpandoMetaClass.invokeMethod(ExpandoMetaClass.java:923)
	at groovy.lang.MetaClassImpl.invokeMethod(MetaClassImpl.java:880)
	at groovy.lang.Closure.call(Closure.java:279)
	at groovy.lang.Closure.call(Closure.java:292)
	at groovy.lang.Closure$call$0.call(Unknown Source)
	at org.codehaus.groovy.runtime.callsite.CallSiteArray.defaultCall(CallSiteArray.java:40)
	at org.codehaus.groovy.runtime.callsite.AbstractCallSite.call(AbstractCallSite.java:117)
	at org.codehaus.groovy.runtime.callsite.AbstractCallSite.call(AbstractCallSite.java:125)
	at gant.Gant$_dispatch_closure6.doCall(Gant.groovy:334)
	at sun.reflect.NativeMethodAccessorImpl.invoke0(Native Method)
	at sun.reflect.NativeMethodAccessorImpl.invoke(NativeMethodAccessorImpl.java:39)
	at sun.reflect.DelegatingMethodAccessorImpl.invoke(DelegatingMethodAccessorImpl.java:25)
	at java.lang.reflect.Method.invoke(Method.java:597)
	at org.codehaus.groovy.runtime.callsite.PogoMetaMethodSite$PogoCachedMethodSiteNoUnwrapNoCoerce.invoke(PogoMetaMethodSite.java:266)
	at org.codehaus.groovy.runtime.callsite.PogoMetaMethodSite.callCurrent(PogoMetaMethodSite.java:51)
	at org.codehaus.groovy.runtime.callsite.CallSiteArray.defaultCallCurrent(CallSiteArray.java:44)
	at org.codehaus.groovy.runtime.callsite.AbstractCallSite.callCurrent(AbstractCallSite.java:143)
	at org.codehaus.groovy.runtime.callsite.AbstractCallSite.callCurrent(AbstractCallSite.java:151)
	at gant.Gant$_dispatch_closure6.doCall(Gant.groovy)
	at sun.reflect.NativeMethodAccessorImpl.invoke0(Native Method)
	at sun.reflect.NativeMethodAccessorImpl.invoke(NativeMethodAccessorImpl.java:39)
	at sun.reflect.DelegatingMethodAccessorImpl.invoke(DelegatingMethodAccessorImpl.java:25)
	at java.lang.reflect.Method.invoke(Method.java:597)
	at org.codehaus.groovy.reflection.CachedMethod.invoke(CachedMethod.java:86)
	at groovy.lang.MetaMethod.doMethodInvoke(MetaMethod.java:234)
	at groovy.lang.MetaClassImpl.invokeMethod(MetaClassImpl.java:1049)
	at groovy.lang.ExpandoMetaClass.invokeMethod(ExpandoMetaClass.java:923)
	at groovy.lang.MetaClassImpl.invokeMethod(MetaClassImpl.java:880)
	at groovy.lang.Closure.call(Closure.java:279)
	at groovy.lang.Closure.call(Closure.java:274)
	at groovy.lang.Closure$call.call(Unknown Source)
	at org.codehaus.groovy.runtime.callsite.CallSiteArray.defaultCall(CallSiteArray.java:40)
	at org.codehaus.groovy.runtime.callsite.AbstractCallSite.call(AbstractCallSite.java:117)
	at org.codehaus.groovy.runtime.callsite.AbstractCallSite.call(AbstractCallSite.java:121)
	at gant.Gant.withBuildListeners(Gant.groovy:344)
	at gant.Gant.this$2$withBuildListeners(Gant.groovy)
	at gant.Gant$this$2$withBuildListeners.callCurrent(Unknown Source)
	at org.codehaus.groovy.runtime.callsite.CallSiteArray.defaultCallCurrent(CallSiteArray.java:44)
	at org.codehaus.groovy.runtime.callsite.AbstractCallSite.callCurrent(AbstractCallSite.java:143)
	at org.codehaus.groovy.runtime.callsite.AbstractCallSite.callCurrent(AbstractCallSite.java:151)
	at gant.Gant.dispatch(Gant.groovy:334)
	at gant.Gant.this$2$dispatch(Gant.groovy)
	at sun.reflect.NativeMethodAccessorImpl.invoke0(Native Method)
	at sun.reflect.NativeMethodAccessorImpl.invoke(NativeMethodAccessorImpl.java:39)
	at sun.reflect.DelegatingMethodAccessorImpl.invoke(DelegatingMethodAccessorImpl.java:25)
	at java.lang.reflect.Method.invoke(Method.java:597)
	at org.codehaus.groovy.reflection.CachedMethod.invoke(CachedMethod.java:86)
	at groovy.lang.MetaMethod.doMethodInvoke(MetaMethod.java:234)
	at groovy.lang.MetaClassImpl.invokeMethod(MetaClassImpl.java:1049)
	at groovy.lang.ExpandoMetaClass.invokeMethod(ExpandoMetaClass.java:923)
	at groovy.lang.MetaClassImpl.invokeMethod(MetaClassImpl.java:880)
	at groovy.lang.MetaClassImpl.invokeMethod(MetaClassImpl.java:708)
	at gant.Gant.invokeMethod(Gant.groovy)
	at groovy.lang.GroovyObject$invokeMethod.callCurrent(Unknown Source)
	at org.codehaus.groovy.runtime.callsite.CallSiteArray.defaultCallCurrent(CallSiteArray.java:44)
	at org.codehaus.groovy.runtime.callsite.AbstractCallSite.callCurrent(AbstractCallSite.java:143)
	at org.codehaus.groovy.runtime.callsite.AbstractCallSite.callCurrent(AbstractCallSite.java:155)
	at gant.Gant.processTargets(Gant.groovy:495)
	at sun.reflect.NativeMethodAccessorImpl.invoke0(Native Method)
	at sun.reflect.NativeMethodAccessorImpl.invoke(NativeMethodAccessorImpl.java:39)
	at sun.reflect.DelegatingMethodAccessorImpl.invoke(DelegatingMethodAccessorImpl.java:25)
	at java.lang.reflect.Method.invoke(Method.java:597)
	at org.codehaus.groovy.runtime.callsite.PogoMetaMethodSite$PogoCachedMethodSiteNoUnwrapNoCoerce.invoke(PogoMetaMethodSite.java:266)
	at org.codehaus.groovy.runtime.callsite.PogoMetaMethodSite.callCurrent(PogoMetaMethodSite.java:51)
	at org.codehaus.groovy.runtime.callsite.CallSiteArray.defaultCallCurrent(CallSiteArray.java:44)
	at org.codehaus.groovy.runtime.callsite.AbstractCallSite.callCurrent(AbstractCallSite.java:143)
	at org.codehaus.groovy.runtime.callsite.AbstractCallSite.callCurrent(AbstractCallSite.java:155)
	at gant.Gant.processTargets(Gant.groovy:480)
	at org.codehaus.groovy.grails.cli.GrailsScriptRunner.callPluginOrGrailsScript(GrailsScriptRunner.java:485)
	at org.codehaus.groovy.grails.cli.GrailsScriptRunner.executeCommand(GrailsScriptRunner.java:301)
	at org.codehaus.groovy.grails.cli.GrailsScriptRunner.main(GrailsScriptRunner.java:115)
	at sun.reflect.NativeMethodAccessorImpl.invoke0(Native Method)
	at sun.reflect.NativeMethodAccessorImpl.invoke(NativeMethodAccessorImpl.java:39)
	at sun.reflect.DelegatingMethodAccessorImpl.invoke(DelegatingMethodAccessorImpl.java:25)
	at java.lang.reflect.Method.invoke(Method.java:597)
	at org.codehaus.groovy.grails.cli.support.GrailsStarter.rootLoader(GrailsStarter.java:215)
	at org.codehaus.groovy.grails.cli.support.GrailsStarter.main(GrailsStarter.java:240)
Caused by: groovy.lang.MissingPropertyException: No such property: transaction1 for class: grails.util.Environment$EnvironmentBlockEvaluator
	at BootStrap$_closure1.doCall(BootStrap.groovy:137)
	at grails.util.Environment.evaluateEnvironmentSpecificBlock(Environment.java:234)
	at grails.util.Environment.executeForEnvironment(Environment.java:223)
	at grails.util.Environment.executeForCurrentEnvironment(Environment.java:201)
	at _GrailsTest_groovy$_run_closure9.doCall(_GrailsTest_groovy:322)
	at _GrailsTest_groovy$_run_closure9.doCall(_GrailsTest_groovy)
	at _GrailsTest_groovy$_run_closure1_closure21.doCall(_GrailsTest_groovy:193)
	at _GrailsTest_groovy$_run_closure1.doCall(_GrailsTest_groovy:171)
	at TestApp$_run_closure1.doCall(TestApp.groovy:102)
	at gant.Gant$_dispatch_closure4.doCall(Gant.groovy:324)
	at gant.Gant$_dispatch_closure6.doCall(Gant.groovy:334)
	at gant.Gant$_dispatch_closure6.doCall(Gant.groovy)
	at gant.Gant.withBuildListeners(Gant.groovy:344)
	at gant.Gant.this$2$withBuildListeners(Gant.groovy)
	at gant.Gant$this$2$withBuildListeners.callCurrent(Unknown Source)
	at gant.Gant.dispatch(Gant.groovy:334)
	at gant.Gant.this$2$dispatch(Gant.groovy)
	at gant.Gant.invokeMethod(Gant.groovy)
	at gant.Gant.processTargets(Gant.groovy:495)
	at gant.Gant.processTargets(Gant.groovy:480)
